[0507/132213:INFO:CONSOLE(0)] "Uncaught SyntaxError: Unexpected token ILLEGAL," source: a5res:_self_(21266)
[0507/132213:INFO:CONSOLE(0)] "Uncaught SyntaxError: Unexpected token .," source: a5res:_self_(22069)
[0507/140429:INFO:CONSOLE(0)] "Uncaught SyntaxError: Unexpected token ILLEGAL," source: a5res:_self_(21247)
[0507/140429:INFO:CONSOLE(0)] "Uncaught SyntaxError: Unexpected token .," source: a5res:_self_(22031)
[0507/140511:INFO:CONSOLE(0)] "Uncaught SyntaxError: Unexpected token ILLEGAL," source: a5res:_self_(21270)
[0507/140511:INFO:CONSOLE(0)] "Uncaught SyntaxError: Unexpected token .," source: a5res:_self_(22077)
[0507/140516:INFO:CONSOLE(0)] "Uncaught TypeError: Object #<Object> has no method 'runAction'," source: a5res:_self_(20541)
[0507/140758:INFO:CONSOLE(0)] "Uncaught SyntaxError: Unexpected token ILLEGAL," source: a5res:_self_(21270)
[0507/140758:INFO:CONSOLE(0)] "Uncaught SyntaxError: Unexpected token .," source: a5res:_self_(22077)
[0507/140802:INFO:CONSOLE(0)] "Uncaught TypeError: Object #<Object> has no method 'runAction'," source: a5res:_self_(20541)
[0507/140802:INFO:CONSOLE(0)] "Uncaught TypeError: Object #<Object> has no method 'runAction'," source: a5res:_self_(20541)
[0507/140803:INFO:CONSOLE(0)] "Uncaught TypeError: Object #<Object> has no method 'runAction'," source: a5res:_self_(20541)
[0507/140803:INFO:CONSOLE(0)] "Uncaught TypeError: Object #<Object> has no method 'runAction'," source: a5res:_self_(20541)
[0507/140804:INFO:CONSOLE(0)] "Uncaught TypeError: Object #<Object> has no method 'runAction'," source: a5res:_self_(20541)
[0507/140927:INFO:CONSOLE(0)] "Uncaught SyntaxError: Unexpected token ILLEGAL," source: a5res:_self_(21270)
[0507/140927:INFO:CONSOLE(0)] "Uncaught SyntaxError: Unexpected token .," source: a5res:_self_(22077)
[0507/141638:INFO:CONSOLE(0)] "Uncaught SyntaxError: Unexpected token ILLEGAL," source: a5res:_self_(21270)
[0507/141638:INFO:CONSOLE(0)] "Uncaught SyntaxError: Unexpected token .," source: a5res:_self_(22077)
[0507/141930:INFO:CONSOLE(0)] "Uncaught SyntaxError: Unexpected token ILLEGAL," source: a5res:_self_(21270)
[0507/141930:INFO:CONSOLE(0)] "Uncaught SyntaxError: Unexpected token .," source: a5res:_self_(22077)
[0507/142107:INFO:CONSOLE(0)] "Uncaught SyntaxError: Unexpected token ILLEGAL," source: a5res:_self_(21270)
[0507/142107:INFO:CONSOLE(0)] "Uncaught SyntaxError: Unexpected token .," source: a5res:_self_(22077)
[0507/143109:INFO:CONSOLE(0)] "Uncaught SyntaxError: Unexpected token ILLEGAL," source: a5res:_self_(21267)
[0507/143109:INFO:CONSOLE(0)] "Uncaught SyntaxError: Unexpected token .," source: a5res:_self_(22071)
[0507/143151:INFO:CONSOLE(0)] "Uncaught SyntaxError: Unexpected token ILLEGAL," source: a5res:_self_(21267)
[0507/143151:INFO:CONSOLE(0)] "Uncaught SyntaxError: Unexpected token .," source: a5res:_self_(22071)
[0507/143154:INFO:CONSOLE(0)] "Uncaught TypeError: Object #<Object> has no method 'runAction'," source: a5res:_self_(20541)
[0507/143211:INFO:CONSOLE(0)] "Uncaught SyntaxError: Unexpected token ILLEGAL," source: a5res:_self_(21267)
[0507/143211:INFO:CONSOLE(0)] "Uncaught SyntaxError: Unexpected token .," source: a5res:_self_(22071)
[0507/143238:INFO:CONSOLE(0)] "Uncaught SyntaxError: Unexpected token ILLEGAL," source: a5res:_self_(21267)
[0507/143238:INFO:CONSOLE(0)] "Uncaught SyntaxError: Unexpected token .," source: a5res:_self_(22071)
[0507/143414:INFO:CONSOLE(0)] "Uncaught SyntaxError: Unexpected token ILLEGAL," source: a5res:_self_(21270)
[0507/143414:INFO:CONSOLE(0)] "Uncaught SyntaxError: Unexpected token .," source: a5res:_self_(22077)
[0507/143452:INFO:CONSOLE(0)] "Uncaught SyntaxError: Unexpected token ILLEGAL," source: a5res:_self_(21270)
[0507/143452:INFO:CONSOLE(0)] "Uncaught SyntaxError: Unexpected token .," source: a5res:_self_(22077)
[0507/143544:INFO:CONSOLE(0)] "Uncaught SyntaxError: Unexpected token ILLEGAL," source: a5res:_self_(21270)
[0507/143544:INFO:CONSOLE(0)] "Uncaught SyntaxError: Unexpected token .," source: a5res:_self_(22077)
[0507/143722:INFO:CONSOLE(0)] "Uncaught SyntaxError: Unexpected token ILLEGAL," source: a5res:_self_(21270)
[0507/143722:INFO:CONSOLE(0)] "Uncaught SyntaxError: Unexpected token .," source: a5res:_self_(22077)
[0507/143836:INFO:CONSOLE(0)] "Uncaught SyntaxError: Unexpected token ILLEGAL," source: a5res:_self_(21272)
[0507/143836:INFO:CONSOLE(0)] "Uncaught SyntaxError: Unexpected token .," source: a5res:_self_(22081)
[0507/143838:INFO:CONSOLE(0)] "Uncaught TypeError: Object #<Object> has no method 'runAction'," source: a5res:_self_(20541)
[0507/143840:INFO:CONSOLE(0)] "Uncaught TypeError: Object #<Object> has no method 'runAction'," source: a5res:_self_(20541)
[0507/143842:INFO:CONSOLE(0)] "Uncaught TypeError: Object #<Object> has no method 'runAction'," source: a5res:_self_(20541)
[0507/143843:INFO:CONSOLE(0)] "Uncaught TypeError: Object #<Object> has no method 'runAction'," source: a5res:_self_(20541)
[0507/144022:INFO:CONSOLE(0)] "Uncaught SyntaxError: Unexpected token ILLEGAL," source: a5res:_self_(21269)
[0507/144022:INFO:CONSOLE(0)] "Uncaught SyntaxError: Unexpected token .," source: a5res:_self_(22075)
[0507/144022:ERROR:cef_context.cc(534)] No data resource available for id 4000
[0507/144046:INFO:CONSOLE(0)] "Uncaught SyntaxError: Unexpected token ILLEGAL," source: a5res:_self_(21269)
[0507/144046:INFO:CONSOLE(0)] "Uncaught SyntaxError: Unexpected token .," source: a5res:_self_(22075)
[0507/144345:INFO:CONSOLE(0)] "Uncaught SyntaxError: Unexpected token ILLEGAL," source: a5res:_self_(21269)
[0507/144345:INFO:CONSOLE(0)] "Uncaught SyntaxError: Unexpected token .," source: a5res:_self_(22075)
[0507/144530:INFO:CONSOLE(0)] "Uncaught SyntaxError: Unexpected token ILLEGAL," source: a5res:_self_(21320)
[0507/144530:INFO:CONSOLE(0)] "Uncaught SyntaxError: Unexpected token .," source: a5res:_self_(22177)
[0507/144555:INFO:CONSOLE(0)] "Uncaught SyntaxError: Unexpected token ILLEGAL," source: a5res:_self_(21320)
[0507/144555:INFO:CONSOLE(0)] "Uncaught SyntaxError: Unexpected token .," source: a5res:_self_(22177)
[0507/144639:INFO:CONSOLE(0)] "Uncaught SyntaxError: Unexpected token ILLEGAL," source: a5res:_self_(21320)
[0507/144639:INFO:CONSOLE(0)] "Uncaught SyntaxError: Unexpected token .," source: a5res:_self_(22177)
[0507/144642:INFO:CONSOLE(0)] "Uncaught SyntaxError: Unexpected token .," source: (3)
[0507/144649:INFO:CONSOLE(0)] "Uncaught SyntaxError: Unexpected token ILLEGAL," source: a5res:_self_(21320)
[0507/144649:INFO:CONSOLE(0)] "Uncaught SyntaxError: Unexpected token .," source: a5res:_self_(22177)
[0507/144806:INFO:CONSOLE(0)] "Uncaught SyntaxError: Unexpected token ILLEGAL," source: a5res:_self_(21320)
[0507/144806:INFO:CONSOLE(0)] "Uncaught SyntaxError: Unexpected token .," source: a5res:_self_(22177)
[0507/144824:INFO:CONSOLE(0)] "Uncaught SyntaxError: Unexpected token ILLEGAL," source: a5res:_self_(21320)
[0507/144824:INFO:CONSOLE(0)] "Uncaught SyntaxError: Unexpected token .," source: a5res:_self_(22177)
[0507/144937:INFO:CONSOLE(0)] "Uncaught SyntaxError: Unexpected token ILLEGAL," source: a5res:_self_(21320)
[0507/144937:INFO:CONSOLE(0)] "Uncaught SyntaxError: Unexpected token .," source: a5res:_self_(22177)
[0507/145109:INFO:CONSOLE(0)] "Uncaught SyntaxError: Unexpected token ILLEGAL," source: a5res:_self_(21324)
[0507/145109:INFO:CONSOLE(0)] "Uncaught SyntaxError: Unexpected token .," source: a5res:_self_(22185)
[0507/145111:INFO:CONSOLE(0)] "Uncaught SyntaxError: Unexpected token .," source: (3)
[0507/145138:INFO:CONSOLE(0)] "Uncaught SyntaxError: Unexpected token ILLEGAL," source: a5res:_self_(21324)
[0507/145138:INFO:CONSOLE(0)] "Uncaught SyntaxError: Unexpected token .," source: a5res:_self_(22185)
[0507/145624:INFO:CONSOLE(0)] "Uncaught SyntaxError: Unexpected token ILLEGAL," source: a5res:_self_(21266)
[0507/145624:INFO:CONSOLE(0)] "Uncaught SyntaxError: Unexpected token .," source: a5res:_self_(22069)
[0507/145658:INFO:CONSOLE(0)] "Uncaught SyntaxError: Unexpected token ILLEGAL," source: a5res:_self_(21266)
[0507/145658:INFO:CONSOLE(0)] "Uncaught SyntaxError: Unexpected token .," source: a5res:_self_(22069)
[0507/145716:INFO:CONSOLE(0)] "Uncaught SyntaxError: Unexpected token ILLEGAL," source: a5res:_self_(21257)
[0507/145716:INFO:CONSOLE(0)] "Uncaught SyntaxError: Unexpected token .," source: a5res:_self_(22051)
[0507/155210:INFO:CONSOLE(0)] "Uncaught SyntaxError: Unexpected token ILLEGAL," source: a5res:_self_(21277)
[0507/155210:INFO:CONSOLE(0)] "Uncaught SyntaxError: Unexpected token .," source: a5res:_self_(22091)
[0507/155435:INFO:CONSOLE(0)] "Uncaught SyntaxError: Unexpected token ILLEGAL," source: a5res:_self_(21257)
[0507/155435:INFO:CONSOLE(0)] "Uncaught SyntaxError: Unexpected token .," source: a5res:_self_(22051)
[0507/160319:INFO:CONSOLE(0)] "Uncaught SyntaxError: Unexpected token ILLEGAL," source: a5res:_self_(21257)
[0507/160319:INFO:CONSOLE(0)] "Uncaught SyntaxError: Unexpected token .," source: a5res:_self_(22051)
[0508/064826:INFO:CONSOLE(0)] "Uncaught SyntaxError: Unexpected token ILLEGAL," source: a5res:_self_(21253)
[0508/064826:INFO:CONSOLE(0)] "Uncaught SyntaxError: Unexpected token .," source: a5res:_self_(22043)
[0508/065051:INFO:CONSOLE(0)] "Uncaught SyntaxError: Unexpected token ILLEGAL," source: a5res:_self_(21245)
[0508/065051:INFO:CONSOLE(0)] "Uncaught SyntaxError: Unexpected token .," source: a5res:_self_(22027)
[0508/065103:INFO:CONSOLE(0)] "Uncaught SyntaxError: Unexpected token ILLEGAL," source: a5res:_self_(21249)
[0508/065103:INFO:CONSOLE(0)] "Uncaught SyntaxError: Unexpected token .," source: a5res:_self_(22035)
[0510/114438:INFO:CONSOLE(0)] "Uncaught SyntaxError: Unexpected token ILLEGAL," source: a5res:_self_(21270)
[0510/114438:INFO:CONSOLE(0)] "Uncaught SyntaxError: Unexpected token .," source: a5res:_self_(22077)
[0510/114751:INFO:CONSOLE(0)] "Uncaught SyntaxError: Unexpected token ILLEGAL," source: a5res:_self_(21263)
[0510/114751:INFO:CONSOLE(0)] "Uncaught SyntaxError: Unexpected token .," source: a5res:_self_(22063)
[0510/130415:INFO:CONSOLE(0)] "Uncaught SyntaxError: Unexpected token ILLEGAL," source: a5res:_self_(21270)
[0510/130415:INFO:CONSOLE(0)] "Uncaught SyntaxError: Unexpected token .," source: a5res:_self_(22077)
[0510/130502:INFO:CONSOLE(0)] "Uncaught SyntaxError: Unexpected token ILLEGAL," source: a5res:_self_(21270)
[0510/130502:INFO:CONSOLE(0)] "Uncaught SyntaxError: Unexpected token .," source: a5res:_self_(22077)
[0510/130527:INFO:CONSOLE(0)] "Uncaught SyntaxError: Unexpected token ILLEGAL," source: a5res:_self_(21270)
[0510/130527:INFO:CONSOLE(0)] "Uncaught SyntaxError: Unexpected token .," source: a5res:_self_(22077)
[0510/135133:INFO:CONSOLE(0)] "Uncaught SyntaxError: Unexpected token ILLEGAL," source: a5res:_self_(21266)
[0510/135133:INFO:CONSOLE(0)] "Uncaught SyntaxError: Unexpected token .," source: a5res:_self_(22069)
[0510/152630:INFO:CONSOLE(0)] "Uncaught SyntaxError: Unexpected token ILLEGAL," source: a5res:_self_(21296)
[0510/152630:INFO:CONSOLE(0)] "Uncaught SyntaxError: Unexpected token .," source: a5res:_self_(22129)
[0510/154722:INFO:CONSOLE(0)] "XMLHttpRequest cannot load a5xdialog:gen_android_qrcode_1449053. Origin a5res:// is not allowed by Access-Control-Allow-Origin.," source: a5res:_self_(0)
[0510/154722:INFO:CONSOLE(0)] "Uncaught Error: NETWORK_ERR: XMLHttpRequest Exception 101," source: a5res:_self_(8)
[0510/155021:INFO:CONSOLE(0)] "XMLHttpRequest cannot load a5xdialog:gen_android_qrcode_1449053. Origin a5res:// is not allowed by Access-Control-Allow-Origin.," source: a5res:_self_(0)
[0510/155021:INFO:CONSOLE(0)] "Uncaught Error: NETWORK_ERR: XMLHttpRequest Exception 101," source: a5res:_self_(8)
[0510/200221:INFO:CONSOLE(0)] "XMLHttpRequest cannot load a5xdialog:gen_android_qrcode_1449053. Origin a5res:// is not allowed by Access-Control-Allow-Origin.," source: a5res:_self_(0)
[0510/200221:INFO:CONSOLE(0)] "Uncaught Error: NETWORK_ERR: XMLHttpRequest Exception 101," source: a5res:_self_(8)
[0510/204207:INFO:CONSOLE(0)] "XMLHttpRequest cannot load a5xdialog:gen_android_qrcode_1449053. Origin a5res:// is not allowed by Access-Control-Allow-Origin.," source: a5res:_self_(0)
[0510/204207:INFO:CONSOLE(0)] "Uncaught Error: NETWORK_ERR: XMLHttpRequest Exception 101," source: a5res:_self_(8)
[0510/204211:INFO:CONSOLE(0)] "XMLHttpRequest cannot load a5xdialog:gen_android_qrcode_1449053. Origin a5res:// is not allowed by Access-Control-Allow-Origin.," source: a5res:_self_(0)
[0510/204211:INFO:CONSOLE(0)] "Uncaught Error: NETWORK_ERR: XMLHttpRequest Exception 101," source: a5res:_self_(8)
